2017-05-01 [18:55:34] [Server thread/INFO]: Loading pocketmine.yml...
2017-05-01 [18:55:34] [Server thread/INFO]: Loading server properties...
2017-05-01 [18:55:34] [Server thread/INFO]: Selected English (eng) as the base language
2017-05-01 [18:55:34] [Server thread/INFO]: Starting Minecraft: PE server version v1.0.7.0
2017-05-01 [18:55:34] [Server thread/INFO]: Opening server on 0.0.0.0:19132
2017-05-01 [18:55:34] [Server thread/INFO]: This server is running PocketMine-MP version 1.6.2dev-65 "Unleashed" (API 3.0.0-ALPHA5)
2017-05-01 [18:55:34] [Server thread/INFO]: PocketMine-MP is distributed under the LGPL License
2017-05-01 [18:55:34] [Server thread/INFO]: Loading recipes...
2017-05-01 [18:55:34] [Server thread/INFO]: Loading resource packs...
2017-05-01 [18:55:34] [Server thread/NOTICE]: Level "world" not found
2017-05-01 [18:55:34] [Server thread/INFO]: Preparing level "world"
2017-05-01 [18:55:34] [Server thread/NOTICE]: Spawn terrain for level "world" is being generated in the background
2017-05-01 [18:55:34] [Server thread/INFO]: Starting GS4 status listener
2017-05-01 [18:55:34] [Server thread/INFO]: Setting query port to 19132
2017-05-01 [18:55:34] [Server thread/INFO]: Query running on 0.0.0.0:19132
2017-05-01 [18:55:34] [Server thread/INFO]: Default game type: Creative Mode
2017-05-01 [18:55:34] [Server thread/INFO]: Done (25.056s)! For help, type "help" or "?"
2017-05-01 [18:56:17] [Server thread/NOTICE]: Player data not found for "steve", creating new profile
2017-05-01 [18:56:23] [Server thread/INFO]: Steve[/192.168.0.24:19132] logged in with entity id 1 at (world, 256, 70, 256)
2017-05-01 [18:56:34] [Server thread/INFO]: Steve joined the game
2017-05-01 [18:56:54] [Server thread/INFO]: Steve left the game
2017-05-01 [18:56:54] [Server thread/INFO]: Steve[/192.168.0.24:19132] logged out due to client disconnect
2017-05-01 [18:57:11] [Server thread/INFO]: Unloading level "world"
2017-05-01 [18:57:16] [Server thread/INFO]: Stopping other threads
2017-05-01 [19:00:13] [Server thread/INFO]: Loading pocketmine.yml...
2017-05-01 [19:00:13] [Server thread/INFO]: Loading server properties...
2017-05-01 [19:00:13] [Server thread/INFO]: Selected English (eng) as the base language
2017-05-01 [19:00:13] [Server thread/INFO]: Starting Minecraft: PE server version v1.0.7.0
2017-05-01 [19:00:13] [Server thread/INFO]: Opening server on 0.0.0.0:19132
2017-05-01 [19:00:13] [Server thread/INFO]: This server is running PocketMine-MP version 1.6.2dev-65 "Unleashed" (API 3.0.0-ALPHA5)
2017-05-01 [19:00:13] [Server thread/INFO]: PocketMine-MP is distributed under the LGPL License
2017-05-01 [19:00:13] [Server thread/INFO]: Loading recipes...
2017-05-01 [19:00:13] [Server thread/INFO]: Loading resource packs...
2017-05-01 [19:00:13] [Server thread/INFO]: Preparing level "world"
2017-05-01 [19:00:13] [Server thread/INFO]: Starting GS4 status listener
2017-05-01 [19:00:13] [Server thread/INFO]: Setting query port to 19132
2017-05-01 [19:00:13] [Server thread/INFO]: Query running on 0.0.0.0:19132
2017-05-01 [19:00:13] [Server thread/INFO]: Default game type: Creative Mode
2017-05-01 [19:00:13] [Server thread/INFO]: Done (0.282s)! For help, type "help" or "?"
2017-05-01 [19:00:22] [Server thread/INFO]: Unloading level "world"
2017-05-01 [19:00:27] [Server thread/INFO]: Stopping other threads
2017-05-01 [19:01:04] [Server thread/INFO]: Loading pocketmine.yml...
2017-05-01 [19:01:04] [Server thread/INFO]: Loading server properties...
2017-05-01 [19:01:04] [Server thread/INFO]: Selected English (eng) as the base language
2017-05-01 [19:01:04] [Server thread/INFO]: Starting Minecraft: PE server version v1.0.7.0
2017-05-01 [19:01:04] [Server thread/INFO]: Opening server on 0.0.0.0:19132
2017-05-01 [19:01:04] [Server thread/INFO]: This server is running PocketMine-MP version 1.6.2dev-65 "Unleashed" (API 3.0.0-ALPHA5)
2017-05-01 [19:01:04] [Server thread/INFO]: PocketMine-MP is distributed under the LGPL License
2017-05-01 [19:01:04] [Server thread/INFO]: Loading recipes...
2017-05-01 [19:01:04] [Server thread/INFO]: Loading resource packs...
2017-05-01 [19:01:05] [Server thread/INFO]: Preparing level "world"
2017-05-01 [19:01:05] [Server thread/INFO]: Starting GS4 status listener
2017-05-01 [19:01:05] [Server thread/INFO]: Setting query port to 19132
2017-05-01 [19:01:05] [Server thread/INFO]: Query running on 0.0.0.0:19132
2017-05-01 [19:01:05] [Server thread/INFO]: Default game type: Creative Mode
2017-05-01 [19:01:05] [Server thread/INFO]: Done (0.279s)! For help, type "help" or "?"
2017-05-01 [19:01:20] [Server thread/INFO]: Unknown command. Try /help for a list of commands
2017-05-01 [19:02:10] [Server thread/INFO]: Unloading level "world"
2017-05-01 [19:02:15] [Server thread/INFO]: Stopping other threads
2017-05-01 [19:04:35] [Server thread/INFO]: Loading pocketmine.yml...
2017-05-01 [19:04:35] [Server thread/INFO]: Loading server properties...
2017-05-01 [19:04:35] [Server thread/INFO]: Selected English (eng) as the base language
2017-05-01 [19:04:35] [Server thread/INFO]: Starting Minecraft: PE server version v1.0.7.0
2017-05-01 [19:04:35] [Server thread/INFO]: Opening server on 0.0.0.0:19132
2017-05-01 [19:04:35] [Server thread/INFO]: This server is running PocketMine-MP version 1.6.2dev-65 "Unleashed" (API 3.0.0-ALPHA5)
2017-05-01 [19:04:35] [Server thread/INFO]: PocketMine-MP is distributed under the LGPL License
2017-05-01 [19:04:35] [Server thread/INFO]: Loading recipes...
2017-05-01 [19:04:35] [Server thread/INFO]: Loading resource packs...
2017-05-01 [19:04:36] [Server thread/INFO]: Loading DevTools v1.11.3
2017-05-01 [19:04:36] [Server thread/INFO]: Enabling DevTools v1.11.3
2017-05-01 [19:04:36] [Server thread/INFO]: [DevTools] Registered folder plugin loader
2017-05-01 [19:04:36] [Server thread/INFO]: Preparing level "world"
2017-05-01 [19:04:36] [Server thread/INFO]: Starting GS4 status listener
2017-05-01 [19:04:36] [Server thread/INFO]: Setting query port to 19132
2017-05-01 [19:04:36] [Server thread/INFO]: Query running on 0.0.0.0:19132
2017-05-01 [19:04:36] [Server thread/INFO]: Default game type: Creative Mode
2017-05-01 [19:04:36] [Server thread/INFO]: Done (0.288s)! For help, type "help" or "?"
2017-05-01 [19:04:54] [Server thread/INFO]: Disabling DevTools v1.11.3
2017-05-01 [19:04:54] [Server thread/INFO]: Unloading level "world"
2017-05-01 [19:04:59] [Server thread/INFO]: Stopping other threads
2017-05-01 [19:11:47] [Server thread/INFO]: Loading pocketmine.yml...
2017-05-01 [19:11:47] [Server thread/INFO]: Loading server properties...
2017-05-01 [19:11:47] [Server thread/INFO]: Selected English (eng) as the base language
2017-05-01 [19:11:47] [Server thread/INFO]: Starting Minecraft: PE server version v1.0.7.0
2017-05-01 [19:11:47] [Server thread/INFO]: Opening server on 0.0.0.0:19132
2017-05-01 [19:11:47] [Server thread/INFO]: This server is running PocketMine-MP version 1.6.2dev-65 "Unleashed" (API 3.0.0-ALPHA5)
2017-05-01 [19:11:47] [Server thread/INFO]: PocketMine-MP is distributed under the LGPL License
2017-05-01 [19:11:47] [Server thread/INFO]: Loading recipes...
2017-05-01 [19:11:47] [Server thread/INFO]: Loading resource packs...
2017-05-01 [19:11:47] [Server thread/INFO]: Loading DevTools v1.11.3
2017-05-01 [19:11:47] [Server thread/INFO]: Enabling DevTools v1.11.3
2017-05-01 [19:11:47] [Server thread/INFO]: [DevTools] Registered folder plugin loader
2017-05-01 [19:11:47] [Server thread/NOTICE]: Level "FamilyEd" not found
2017-05-01 [19:11:47] [Server thread/INFO]: Preparing level "FamilyEd"
2017-05-01 [19:11:47] [Server thread/NOTICE]: Spawn terrain for level "FamilyEd" is being generated in the background
2017-05-01 [19:11:47] [Server thread/INFO]: Starting GS4 status listener
2017-05-01 [19:11:47] [Server thread/INFO]: Setting query port to 19132
2017-05-01 [19:11:47] [Server thread/INFO]: Query running on 0.0.0.0:19132
2017-05-01 [19:11:47] [Server thread/INFO]: Default game type: Creative Mode
2017-05-01 [19:11:47] [Server thread/INFO]: Done (0.294s)! For help, type "help" or "?"
2017-05-01 [19:11:56] [Server thread/INFO]: Disabling DevTools v1.11.3
2017-05-01 [19:11:56] [Server thread/INFO]: Unloading level "FamilyEd"
2017-05-01 [19:12:01] [Server thread/INFO]: Stopping other threads
2017-05-01 [19:12:05] [Server thread/INFO]: Loading pocketmine.yml...
2017-05-01 [19:12:05] [Server thread/INFO]: Loading server properties...
2017-05-01 [19:12:05] [Server thread/INFO]: Selected English (eng) as the base language
2017-05-01 [19:12:05] [Server thread/INFO]: Starting Minecraft: PE server version v1.0.7.0
2017-05-01 [19:12:05] [Server thread/INFO]: Opening server on 0.0.0.0:19132
2017-05-01 [19:12:05] [Server thread/INFO]: This server is running PocketMine-MP version 1.6.2dev-65 "Unleashed" (API 3.0.0-ALPHA5)
2017-05-01 [19:12:05] [Server thread/INFO]: PocketMine-MP is distributed under the LGPL License
2017-05-01 [19:12:05] [Server thread/INFO]: Loading recipes...
2017-05-01 [19:12:05] [Server thread/INFO]: Loading resource packs...
2017-05-01 [19:12:05] [Server thread/INFO]: Loading DevTools v1.11.3
2017-05-01 [19:12:05] [Server thread/INFO]: Enabling DevTools v1.11.3
2017-05-01 [19:12:05] [Server thread/INFO]: [DevTools] Registered folder plugin loader
2017-05-01 [19:12:05] [Server thread/INFO]: Preparing level "FamilyEd"
2017-05-01 [19:12:05] [Server thread/INFO]: Starting GS4 status listener
2017-05-01 [19:12:05] [Server thread/INFO]: Setting query port to 19132
2017-05-01 [19:12:05] [Server thread/INFO]: Query running on 0.0.0.0:19132
2017-05-01 [19:12:05] [Server thread/INFO]: Default game type: Creative Mode
2017-05-01 [19:12:05] [Server thread/INFO]: Done (0.285s)! For help, type "help" or "?"
2017-05-01 [19:14:17] [Server thread/INFO]: Steve[/192.168.0.24:19132] logged in with entity id 1 at (FamilyEd, 256, 70, 256)
2017-05-01 [19:14:28] [Server thread/INFO]: Steve joined the game
2017-05-01 [19:14:42] [Server thread/INFO]: Steve left the game
2017-05-01 [19:14:42] [Server thread/INFO]: Steve[/192.168.0.24:19132] logged out due to client disconnect
2017-05-01 [19:14:53] [Server thread/INFO]: Disabling DevTools v1.11.3
2017-05-01 [19:14:53] [Server thread/INFO]: Unloading level "FamilyEd"
2017-05-01 [19:14:58] [Server thread/INFO]: Stopping other threads
2017-05-01 [19:19:28] [Server thread/INFO]: Loading pocketmine.yml...
2017-05-01 [19:19:28] [Server thread/INFO]: Loading server properties...
2017-05-01 [19:19:28] [Server thread/INFO]: Selected English (eng) as the base language
2017-05-01 [19:19:28] [Server thread/INFO]: Starting Minecraft: PE server version v1.0.7.0
2017-05-01 [19:19:28] [Server thread/INFO]: Opening server on 0.0.0.0:19132
2017-05-01 [19:19:28] [Server thread/INFO]: This server is running PocketMine-MP version 1.6.2dev-65 "Unleashed" (API 3.0.0-ALPHA5)
2017-05-01 [19:19:28] [Server thread/INFO]: PocketMine-MP is distributed under the LGPL License
2017-05-01 [19:19:28] [Server thread/INFO]: Loading recipes...
2017-05-01 [19:19:28] [Server thread/INFO]: Loading resource packs...
2017-05-01 [19:19:28] [Server thread/INFO]: Loading DevTools v1.11.3
2017-05-01 [19:19:28] [Server thread/INFO]: Enabling DevTools v1.11.3
2017-05-01 [19:19:28] [Server thread/INFO]: [DevTools] Registered folder plugin loader
2017-05-01 [19:19:28] [Server thread/NOTICE]: Level "FamilyEd" not found
2017-05-01 [19:19:28] [Server thread/INFO]: Preparing level "FamilyEd"
2017-05-01 [19:19:28] [Server thread/NOTICE]: Spawn terrain for level "FamilyEd" is being generated in the background
2017-05-01 [19:19:28] [Server thread/INFO]: Starting GS4 status listener
2017-05-01 [19:19:28] [Server thread/INFO]: Setting query port to 19132
2017-05-01 [19:19:28] [Server thread/INFO]: Query running on 0.0.0.0:19132
2017-05-01 [19:19:28] [Server thread/INFO]: Default game type: Creative Mode
2017-05-01 [19:19:28] [Server thread/INFO]: Done (0.292s)! For help, type "help" or "?"
2017-05-01 [19:19:43] [Server thread/INFO]: Steve[/192.168.0.24:19132] logged in with entity id 1 at (FamilyEd, 256, 68, 256)
2017-05-01 [19:19:48] [Server thread/INFO]: Steve joined the game
2017-05-01 [19:20:02] [Server thread/INFO]: Steve left the game
2017-05-01 [19:20:02] [Server thread/INFO]: Steve[/192.168.0.24:19132] logged out due to client disconnect
2017-05-01 [19:20:04] [Server thread/INFO]: Disabling DevTools v1.11.3
2017-05-01 [19:20:04] [Server thread/INFO]: Unloading level "FamilyEd"
2017-05-01 [19:20:09] [Server thread/INFO]: Stopping other threads
2017-05-01 [21:10:25] [Server thread/INFO]: Loading pocketmine.yml...
2017-05-01 [21:10:25] [Server thread/INFO]: Loading server properties...
2017-05-01 [21:10:25] [Server thread/INFO]: Selected English (eng) as the base language
2017-05-01 [21:10:25] [Server thread/INFO]: Starting Minecraft: PE server version v1.0.7.0
2017-05-01 [21:10:25] [Server thread/INFO]: Opening server on 0.0.0.0:19132
2017-05-01 [21:10:25] [Server thread/INFO]: This server is running PocketMine-MP version 1.6.2dev-65 "Unleashed" (API 3.0.0-ALPHA5)
2017-05-01 [21:10:25] [Server thread/INFO]: PocketMine-MP is distributed under the LGPL License
2017-05-01 [21:10:26] [Server thread/INFO]: Loading recipes...
2017-05-01 [21:10:26] [Server thread/INFO]: Loading resource packs...
2017-05-01 [21:10:26] [Server thread/INFO]: Loading DevTools v1.11.3
2017-05-01 [21:10:26] [Server thread/INFO]: Enabling DevTools v1.11.3
2017-05-01 [21:10:26] [Server thread/INFO]: [DevTools] Registered folder plugin loader
2017-05-01 [21:10:26] [Server thread/INFO]: Preparing level "FamilyEd"
2017-05-01 [21:10:26] [Server thread/INFO]: Starting GS4 status listener
2017-05-01 [21:10:26] [Server thread/INFO]: Setting query port to 19132
2017-05-01 [21:10:26] [Server thread/INFO]: Query running on 0.0.0.0:19132
2017-05-01 [21:10:26] [Server thread/INFO]: Default game type: Creative Mode
2017-05-01 [21:10:26] [Server thread/INFO]: Done (0.282s)! For help, type "help" or "?"
2017-05-01 [21:10:29] [Server thread/INFO]: --- Showing help page 1 of 1 (/help <page>) ---
2017-05-01 [21:10:29] [Server thread/INFO]: /ban: Prevents the specified player from using this server
2017-05-01 [21:10:29] [Server thread/INFO]: /ban-ip: Prevents the specified IP address from using this server
2017-05-01 [21:10:29] [Server thread/INFO]: /banlist: View all players banned from this server
2017-05-01 [21:10:29] [Server thread/INFO]: /checkperm: Checks a permission value for the current sender, or a player
2017-05-01 [21:10:29] [Server thread/INFO]: /defaultgamemode: Set the default gamemode
2017-05-01 [21:10:29] [Server thread/INFO]: /deop: Takes the specified player's operator status
2017-05-01 [21:10:29] [Server thread/INFO]: /difficulty: Sets the game difficulty
2017-05-01 [21:10:29] [Server thread/INFO]: /effect: Adds/Removes effects on players
2017-05-01 [21:10:29] [Server thread/INFO]: /enchant: Adds enchantments on items
2017-05-01 [21:10:29] [Server thread/INFO]: /extractplugin: Extracts the source code from a Phar plugin
2017-05-01 [21:10:29] [Server thread/INFO]: /gamemode: Changes the player to a specific game mode
2017-05-01 [21:10:29] [Server thread/INFO]: /give: Gives the specified player a certain amount of items
2017-05-01 [21:10:29] [Server thread/INFO]: /help: Shows the help menu
2017-05-01 [21:10:29] [Server thread/INFO]: /kick: Removes the specified player from the server
2017-05-01 [21:10:29] [Server thread/INFO]: /kill: Commit suicide or kill other players
2017-05-01 [21:10:29] [Server thread/INFO]: /list: Lists all online players
2017-05-01 [21:10:29] [Server thread/INFO]: /makeplugin: Creates a Phar plugin from one in source code form
2017-05-01 [21:10:29] [Server thread/INFO]: /makeserver: Creates a PocketMine-MP Phar
2017-05-01 [21:10:29] [Server thread/INFO]: /me: Performs the specified action in chat
2017-05-01 [21:10:29] [Server thread/INFO]: /op: Gives the specified player operator status
2017-05-01 [21:10:29] [Server thread/INFO]: /pardon: Allows the specified player to use this server
2017-05-01 [21:10:29] [Server thread/INFO]: /pardon-ip: Allows the specified IP address to use this server
2017-05-01 [21:10:29] [Server thread/INFO]: /particle: Adds particles to a world
2017-05-01 [21:10:29] [Server thread/INFO]: /plugins: Gets a list of plugins running on the server
2017-05-01 [21:10:29] [Server thread/INFO]: /reload: Reloads the server configuration and plugins
2017-05-01 [21:10:29] [Server thread/INFO]: /save-all: Saves the server to disk
2017-05-01 [21:10:29] [Server thread/INFO]: /save-off: Disables server autosaving
2017-05-01 [21:10:29] [Server thread/INFO]: /save-on: Enables server autosaving
2017-05-01 [21:10:29] [Server thread/INFO]: /say: Broadcasts the given message as the sender
2017-05-01 [21:10:29] [Server thread/INFO]: /seed: Shows the world seed
2017-05-01 [21:10:29] [Server thread/INFO]: /setworldspawn: Sets a worlds's spawn point. If no coordinates are specified, the player's coordinates will be used.
2017-05-01 [21:10:29] [Server thread/INFO]: /spawnpoint: Sets a player's spawn point
2017-05-01 [21:10:29] [Server thread/INFO]: /stop: Stops the server
2017-05-01 [21:10:29] [Server thread/INFO]: /tell: Sends a private message to the given player
2017-05-01 [21:10:29] [Server thread/INFO]: /time: Changes the time on each world
2017-05-01 [21:10:29] [Server thread/INFO]: /timings: Records timings to see performance of the server.
2017-05-01 [21:10:29] [Server thread/INFO]: /title: %pocketmine.command.title.description
2017-05-01 [21:10:29] [Server thread/INFO]: /tp: Teleports the given player (or yourself) to another player or coordinates
2017-05-01 [21:10:29] [Server thread/INFO]: /transferserver: Transfer yourself to another server
2017-05-01 [21:10:29] [Server thread/INFO]: /version: Gets the version of this server including any plugins in use
2017-05-01 [21:10:29] [Server thread/INFO]: /whitelist: Manages the list of players allowed to use this server
2017-05-01 [21:11:40] [Server thread/INFO]: Steve[/192.168.0.24:19132] logged in with entity id 1 at (FamilyEd, 256, 4, 256)
2017-05-01 [21:11:42] [Server thread/INFO]: Steve joined the game
2017-05-01 [22:20:43] [Server thread/INFO]: Steve[/192.168.0.24:19132] logged out due to generic reason
2017-05-01 [22:21:47] [Server thread/INFO]: Loading pocketmine.yml...
2017-05-01 [22:21:47] [Server thread/INFO]: Loading server properties...
2017-05-01 [22:21:47] [Server thread/INFO]: Selected English (eng) as the base language
2017-05-01 [22:21:47] [Server thread/INFO]: Starting Minecraft: PE server version v1.0.7.0
2017-05-01 [22:21:47] [Server thread/INFO]: Opening server on 0.0.0.0:19132
2017-05-01 [22:21:47] [Server thread/INFO]: This server is running PocketMine-MP version 1.6.2dev-65 "Unleashed" (API 3.0.0-ALPHA5)
2017-05-01 [22:21:47] [Server thread/INFO]: PocketMine-MP is distributed under the LGPL License
2017-05-01 [22:21:47] [Server thread/INFO]: Loading recipes...
2017-05-01 [22:21:47] [Server thread/INFO]: Loading resource packs...
2017-05-01 [22:21:47] [Server thread/INFO]: Loading DevTools v1.11.3
2017-05-01 [22:21:47] [Server thread/INFO]: Enabling DevTools v1.11.3
2017-05-01 [22:21:47] [Server thread/INFO]: [DevTools] Registered folder plugin loader
2017-05-01 [22:21:47] [Server thread/INFO]: Preparing level "FamilyEd"
2017-05-01 [22:21:47] [RakLibServer thread/CRITICAL]: **** FAILED TO BIND TO 0.0.0.0:19132!
2017-05-01 [22:21:47] [RakLibServer thread/CRITICAL]: Perhaps a server is already running on that port?
2017-05-01 [22:21:47] [Server thread/EMERGENCY]: RakLib crashed!
2017-05-01 [22:21:47] [Server thread/INFO]: Starting GS4 status listener
2017-05-01 [22:21:47] [Server thread/INFO]: Setting query port to 19132
2017-05-01 [22:21:47] [Server thread/INFO]: Query running on 0.0.0.0:19132
2017-05-01 [22:21:47] [Server thread/INFO]: Default game type: Creative Mode
2017-05-01 [22:21:47] [Server thread/INFO]: Done (0.286s)! For help, type "help" or "?"
2017-05-01 [22:21:47] [Server thread/CRITICAL]: [Network] Stopped interface pocketmine\network\mcpe\RakLibInterface due to RakLib Thread crashed
2017-05-01 [22:21:51] [Server thread/INFO]: Disabling DevTools v1.11.3
2017-05-01 [22:21:51] [Server thread/INFO]: Unloading level "FamilyEd"
2017-05-01 [22:21:56] [Server thread/INFO]: Stopping other threads
2017-05-01 [22:22:39] [Server thread/INFO]: Loading pocketmine.yml...
2017-05-01 [22:22:39] [Server thread/INFO]: Loading server properties...
2017-05-01 [22:22:39] [Server thread/INFO]: Selected English (eng) as the base language
2017-05-01 [22:22:39] [Server thread/INFO]: Starting Minecraft: PE server version v1.0.7.0
2017-05-01 [22:22:39] [Server thread/INFO]: Opening server on 0.0.0.0:19132
2017-05-01 [22:22:39] [Server thread/INFO]: This server is running PocketMine-MP version 1.6.2dev-65 "Unleashed" (API 3.0.0-ALPHA5)
2017-05-01 [22:22:39] [Server thread/INFO]: PocketMine-MP is distributed under the LGPL License
2017-05-01 [22:22:39] [Server thread/INFO]: Loading recipes...
2017-05-01 [22:22:39] [Server thread/INFO]: Loading resource packs...
2017-05-01 [22:22:39] [Server thread/INFO]: Loading DevTools v1.11.3
2017-05-01 [22:22:39] [Server thread/INFO]: Enabling DevTools v1.11.3
2017-05-01 [22:22:39] [Server thread/INFO]: [DevTools] Registered folder plugin loader
2017-05-01 [22:22:39] [Server thread/INFO]: Preparing level "FamilyEd"
2017-05-01 [22:22:39] [Server thread/INFO]: Starting GS4 status listener
2017-05-01 [22:22:39] [Server thread/INFO]: Setting query port to 19132
2017-05-01 [22:22:39] [Server thread/INFO]: Query running on 0.0.0.0:19132
2017-05-01 [22:22:39] [Server thread/INFO]: Default game type: Creative Mode
2017-05-01 [22:22:39] [Server thread/INFO]: Done (0.28s)! For help, type "help" or "?"
2017-05-01 [22:22:52] [Server thread/INFO]: Steve[/192.168.0.24:19132] logged in with entity id 1 at (FamilyEd, 261.2541, 3, 219.7057)
2017-05-01 [22:22:53] [Server thread/INFO]: Steve joined the game
2017-05-01 [22:31:16] [Server thread/INFO]: Steve left the game
2017-05-01 [22:31:16] [Server thread/INFO]: Steve[/192.168.0.24:19132] logged out due to client disconnect
2017-05-01 [22:43:43] [Server thread/EMERGENCY]: An unrecoverable error has occurred and the server has crashed. Creating a crash dump
2017-05-01 [22:43:43] [Server thread/EMERGENCY]: Please upload the "/home/mike/PocketMine/crashdumps/Mon_May_1-22.43.43-CEST_2017.log" file to the Crash Archive and submit the link to the Bug Reporting page. Give as much info as you can.
2017-05-01 [22:43:43] [Server thread/INFO]: Disabling DevTools v1.11.3
2017-05-01 [22:43:43] [Server thread/INFO]: Unloading level "FamilyEd"
2017-05-01 [22:54:10] [Server thread/INFO]: Loading pocketmine.yml...
2017-05-01 [22:54:10] [Server thread/INFO]: Loading server properties...
2017-05-01 [22:54:10] [Server thread/INFO]: Selected English (eng) as the base language
2017-05-01 [22:54:11] [Server thread/INFO]: Starting Minecraft: PE server version v1.0.7.0
2017-05-01 [22:54:11] [Server thread/INFO]: Opening server on 0.0.0.0:19132
2017-05-01 [22:54:11] [Server thread/INFO]: This server is running PocketMine-MP version 1.6.2dev-65 "Unleashed" (API 3.0.0-ALPHA5)
2017-05-01 [22:54:11] [Server thread/INFO]: PocketMine-MP is distributed under the LGPL License
2017-05-01 [22:54:11] [Server thread/INFO]: Loading recipes...
2017-05-01 [22:54:11] [Server thread/INFO]: Loading resource packs...
2017-05-01 [22:54:11] [Server thread/INFO]: Loading DevTools v1.11.3
2017-05-01 [22:54:11] [Server thread/INFO]: Enabling DevTools v1.11.3
2017-05-01 [22:54:11] [Server thread/INFO]: [DevTools] Registered folder plugin loader
2017-05-01 [22:54:11] [Server thread/INFO]: Preparing level "FamilyEd"
2017-05-01 [22:54:11] [Server thread/INFO]: Starting GS4 status listener
2017-05-01 [22:54:11] [Server thread/INFO]: Setting query port to 19132
2017-05-01 [22:54:11] [Server thread/INFO]: Query running on 0.0.0.0:19132
2017-05-01 [22:54:11] [Server thread/INFO]: Default game type: Creative Mode
2017-05-01 [22:54:11] [Server thread/INFO]: Done (0.282s)! For help, type "help" or "?"
2017-05-01 [22:54:28] [Server thread/INFO]: Steve[/192.168.0.24:19132] logged in with entity id 1 at (FamilyEd, 256.063, 4, 223.9754)
2017-05-01 [22:54:29] [Server thread/INFO]: Steve joined the game
2017-05-01 [22:55:26] [Server thread/INFO]: Steve left the game
2017-05-01 [22:55:26] [Server thread/INFO]: Steve[/192.168.0.24:19132] logged out due to client disconnect
2017-05-01 [22:56:03] [Server thread/NOTICE]: Player data not found for "admin", creating new profile
2017-05-01 [22:56:10] [Server thread/INFO]: admin[/192.168.0.24:19132] logged in with entity id 2 at (FamilyEd, 256, 4, 256)
2017-05-01 [22:56:11] [Server thread/INFO]: admin joined the game
2017-05-01 [22:59:24] [Server thread/INFO]: admin left the game
2017-05-01 [22:59:24] [Server thread/INFO]: admin[/192.168.0.24:19132] logged out due to client disconnect
2017-05-01 [23:04:25] [Server thread/INFO]: Disabling DevTools v1.11.3
2017-05-01 [23:04:25] [Server thread/INFO]: Unloading level "FamilyEd"
2017-05-01 [23:04:30] [Server thread/INFO]: Stopping other threads
2017-05-01 [23:04:32] [Server thread/INFO]: Loading pocketmine.yml...
2017-05-01 [23:04:32] [Server thread/INFO]: Loading server properties...
2017-05-01 [23:04:32] [Server thread/INFO]: Selected English (eng) as the base language
2017-05-01 [23:04:32] [Server thread/INFO]: Starting Minecraft: PE server version v1.0.7.0
2017-05-01 [23:04:32] [Server thread/INFO]: Opening server on 0.0.0.0:19132
2017-05-01 [23:04:32] [Server thread/INFO]: This server is running PocketMine-MP version 1.6.2dev-65 "Unleashed" (API 3.0.0-ALPHA5)
2017-05-01 [23:04:32] [Server thread/INFO]: PocketMine-MP is distributed under the LGPL License
2017-05-01 [23:04:32] [Server thread/INFO]: Loading recipes...
2017-05-01 [23:04:32] [Server thread/INFO]: Loading resource packs...
2017-05-01 [23:04:32] [Server thread/ERROR]: Could not load plugin 'iProtector': Incompatible API version
2017-05-01 [23:04:32] [Server thread/INFO]: Loading DevTools v1.11.3
2017-05-01 [23:04:32] [Server thread/INFO]: Enabling DevTools v1.11.3
2017-05-01 [23:04:32] [Server thread/INFO]: [DevTools] Registered folder plugin loader
2017-05-01 [23:04:32] [Server thread/INFO]: Preparing level "FamilyEd"
2017-05-01 [23:04:32] [Server thread/INFO]: Starting GS4 status listener
2017-05-01 [23:04:32] [Server thread/INFO]: Setting query port to 19132
2017-05-01 [23:04:32] [Server thread/INFO]: Query running on 0.0.0.0:19132
2017-05-01 [23:04:32] [Server thread/INFO]: Default game type: Creative Mode
2017-05-01 [23:04:32] [Server thread/INFO]: Done (0.281s)! For help, type "help" or "?"
2017-05-01 [23:07:58] [Server thread/INFO]: Disabling DevTools v1.11.3
2017-05-01 [23:07:58] [Server thread/INFO]: Unloading level "FamilyEd"
2017-05-01 [23:08:03] [Server thread/INFO]: Stopping other threads
2017-05-01 [23:09:40] [Server thread/INFO]: Loading pocketmine.yml...
2017-05-01 [23:09:40] [Server thread/INFO]: Loading server properties...
2017-05-01 [23:09:40] [Server thread/INFO]: Selected English (eng) as the base language
2017-05-01 [23:09:40] [Server thread/INFO]: Starting Minecraft: PE server version v1.0.7.0
2017-05-01 [23:09:40] [Server thread/INFO]: Opening server on 0.0.0.0:19132
2017-05-01 [23:09:40] [Server thread/INFO]: This server is running PocketMine-MP version 1.6.2dev-65 "Unleashed" (API 3.0.0-ALPHA5)
2017-05-01 [23:09:40] [Server thread/INFO]: PocketMine-MP is distributed under the LGPL License
2017-05-01 [23:09:40] [Server thread/INFO]: Loading recipes...
2017-05-01 [23:09:40] [Server thread/INFO]: Loading resource packs...
2017-05-01 [23:09:40] [Server thread/ERROR]: Could not load plugin 'iProtector': Incompatible API version
2017-05-01 [23:09:40] [Server thread/INFO]: Loading DevTools v1.11.3
2017-05-01 [23:09:40] [Server thread/INFO]: Enabling DevTools v1.11.3
2017-05-01 [23:09:40] [Server thread/ERROR]: Could not load plugin 'iProtector': Incompatible API version
2017-05-01 [23:09:40] [Server thread/INFO]: [DevTools] Registered folder plugin loader
2017-05-01 [23:09:40] [Server thread/INFO]: Preparing level "FamilyEd"
2017-05-01 [23:09:40] [Server thread/INFO]: Starting GS4 status listener
2017-05-01 [23:09:40] [Server thread/INFO]: Setting query port to 19132
2017-05-01 [23:09:40] [Server thread/INFO]: Query running on 0.0.0.0:19132
2017-05-01 [23:09:40] [Server thread/INFO]: Default game type: Creative Mode
2017-05-01 [23:09:40] [Server thread/INFO]: Done (0.288s)! For help, type "help" or "?"
2017-05-01 [23:10:03] [Server thread/INFO]: Unknown command. Try /help for a list of commands
2017-05-01 [23:10:06] [Server thread/INFO]: Unknown command. Try /help for a list of commands
2017-05-01 [23:10:08] [Server thread/INFO]: --- Showing help page 1 of 1 (/help <page>) ---
2017-05-01 [23:10:08] [Server thread/INFO]: /ban: Prevents the specified player from using this server
2017-05-01 [23:10:08] [Server thread/INFO]: /ban-ip: Prevents the specified IP address from using this server
2017-05-01 [23:10:08] [Server thread/INFO]: /banlist: View all players banned from this server
2017-05-01 [23:10:08] [Server thread/INFO]: /checkperm: Checks a permission value for the current sender, or a player
2017-05-01 [23:10:08] [Server thread/INFO]: /defaultgamemode: Set the default gamemode
2017-05-01 [23:10:08] [Server thread/INFO]: /deop: Takes the specified player's operator status
2017-05-01 [23:10:08] [Server thread/INFO]: /difficulty: Sets the game difficulty
2017-05-01 [23:10:08] [Server thread/INFO]: /effect: Adds/Removes effects on players
2017-05-01 [23:10:08] [Server thread/INFO]: /enchant: Adds enchantments on items
2017-05-01 [23:10:08] [Server thread/INFO]: /extractplugin: Extracts the source code from a Phar plugin
2017-05-01 [23:10:08] [Server thread/INFO]: /gamemode: Changes the player to a specific game mode
2017-05-01 [23:10:08] [Server thread/INFO]: /give: Gives the specified player a certain amount of items
2017-05-01 [23:10:08] [Server thread/INFO]: /help: Shows the help menu
2017-05-01 [23:10:08] [Server thread/INFO]: /kick: Removes the specified player from the server
2017-05-01 [23:10:08] [Server thread/INFO]: /kill: Commit suicide or kill other players
2017-05-01 [23:10:08] [Server thread/INFO]: /list: Lists all online players
2017-05-01 [23:10:08] [Server thread/INFO]: /makeplugin: Creates a Phar plugin from one in source code form
2017-05-01 [23:10:08] [Server thread/INFO]: /makeserver: Creates a PocketMine-MP Phar
2017-05-01 [23:10:08] [Server thread/INFO]: /me: Performs the specified action in chat
2017-05-01 [23:10:08] [Server thread/INFO]: /op: Gives the specified player operator status
2017-05-01 [23:10:08] [Server thread/INFO]: /pardon: Allows the specified player to use this server
2017-05-01 [23:10:08] [Server thread/INFO]: /pardon-ip: Allows the specified IP address to use this server
2017-05-01 [23:10:08] [Server thread/INFO]: /particle: Adds particles to a world
2017-05-01 [23:10:08] [Server thread/INFO]: /plugins: Gets a list of plugins running on the server
2017-05-01 [23:10:08] [Server thread/INFO]: /reload: Reloads the server configuration and plugins
2017-05-01 [23:10:08] [Server thread/INFO]: /save-all: Saves the server to disk
2017-05-01 [23:10:08] [Server thread/INFO]: /save-off: Disables server autosaving
2017-05-01 [23:10:08] [Server thread/INFO]: /save-on: Enables server autosaving
2017-05-01 [23:10:08] [Server thread/INFO]: /say: Broadcasts the given message as the sender
2017-05-01 [23:10:08] [Server thread/INFO]: /seed: Shows the world seed
2017-05-01 [23:10:08] [Server thread/INFO]: /setworldspawn: Sets a worlds's spawn point. If no coordinates are specified, the player's coordinates will be used.
2017-05-01 [23:10:08] [Server thread/INFO]: /spawnpoint: Sets a player's spawn point
2017-05-01 [23:10:08] [Server thread/INFO]: /stop: Stops the server
2017-05-01 [23:10:08] [Server thread/INFO]: /tell: Sends a private message to the given player
2017-05-01 [23:10:08] [Server thread/INFO]: /time: Changes the time on each world
2017-05-01 [23:10:08] [Server thread/INFO]: /timings: Records timings to see performance of the server.
2017-05-01 [23:10:08] [Server thread/INFO]: /title: %pocketmine.command.title.description
2017-05-01 [23:10:08] [Server thread/INFO]: /tp: Teleports the given player (or yourself) to another player or coordinates
2017-05-01 [23:10:08] [Server thread/INFO]: /transferserver: Transfer yourself to another server
2017-05-01 [23:10:08] [Server thread/INFO]: /version: Gets the version of this server including any plugins in use
2017-05-01 [23:10:08] [Server thread/INFO]: /whitelist: Manages the list of players allowed to use this server
2017-05-01 [23:10:21] [Server thread/INFO]: Invalid plugin name, check the name case.
2017-05-01 [23:10:31] [Server thread/INFO]: Invalid plugin name, check the name case.
2017-05-01 [23:11:02] [Server thread/INFO]: Invalid plugin name, check the name case.
2017-05-01 [23:12:30] [Server thread/INFO]: Disabling DevTools v1.11.3
2017-05-01 [23:12:30] [Server thread/INFO]: Unloading level "FamilyEd"
2017-05-01 [23:12:36] [Server thread/INFO]: Stopping other threads
2017-05-01 [23:14:17] [Server thread/INFO]: Loading pocketmine.yml...
2017-05-01 [23:14:17] [Server thread/INFO]: Loading server properties...
2017-05-01 [23:14:17] [Server thread/INFO]: Selected English (eng) as the base language
2017-05-01 [23:14:17] [Server thread/INFO]: Starting Minecraft: PE server version v1.0.7.0
2017-05-01 [23:14:17] [Server thread/INFO]: Opening server on 0.0.0.0:19132
2017-05-01 [23:14:17] [Server thread/INFO]: This server is running PocketMine-MP version 1.6.2dev-65 "Unleashed" (API 3.0.0-ALPHA5)
2017-05-01 [23:14:17] [Server thread/INFO]: PocketMine-MP is distributed under the LGPL License
2017-05-01 [23:14:17] [Server thread/INFO]: Loading recipes...
2017-05-01 [23:14:17] [Server thread/INFO]: Loading resource packs...
2017-05-01 [23:14:17] [Server thread/INFO]: Loading DevTools v1.11.3
2017-05-01 [23:14:17] [Server thread/INFO]: Enabling DevTools v1.11.3
2017-05-01 [23:14:17] [Server thread/ERROR]: Could not load plugin 'iProtector': Incompatible API version
2017-05-01 [23:14:17] [Server thread/INFO]: [DevTools] Registered folder plugin loader
2017-05-01 [23:14:17] [Server thread/INFO]: Preparing level "FamilyEd"
2017-05-01 [23:14:18] [Server thread/INFO]: Starting GS4 status listener
2017-05-01 [23:14:18] [Server thread/INFO]: Setting query port to 19132
2017-05-01 [23:14:18] [Server thread/INFO]: Query running on 0.0.0.0:19132
2017-05-01 [23:14:18] [Server thread/INFO]: Default game type: Creative Mode
2017-05-01 [23:14:18] [Server thread/INFO]: Done (0.283s)! For help, type "help" or "?"
2017-05-01 [23:14:27] [Server thread/INFO]: Disabling DevTools v1.11.3
2017-05-01 [23:14:27] [Server thread/INFO]: Unloading level "FamilyEd"
2017-05-01 [23:14:32] [Server thread/INFO]: Stopping other threads
2017-05-01 [23:15:22] [Server thread/INFO]: Loading pocketmine.yml...
2017-05-01 [23:15:22] [Server thread/INFO]: Loading server properties...
2017-05-01 [23:15:22] [Server thread/INFO]: Selected English (eng) as the base language
2017-05-01 [23:15:22] [Server thread/INFO]: Starting Minecraft: PE server version v1.0.7.0
2017-05-01 [23:15:22] [Server thread/INFO]: Opening server on 0.0.0.0:19132
2017-05-01 [23:15:22] [Server thread/INFO]: This server is running PocketMine-MP version 1.6.2dev-65 "Unleashed" (API 3.0.0-ALPHA5)
2017-05-01 [23:15:22] [Server thread/INFO]: PocketMine-MP is distributed under the LGPL License
2017-05-01 [23:15:23] [Server thread/INFO]: Loading recipes...
2017-05-01 [23:15:23] [Server thread/INFO]: Loading resource packs...
2017-05-01 [23:15:23] [Server thread/INFO]: Loading DevTools v1.11.3
2017-05-01 [23:15:23] [Server thread/INFO]: Enabling DevTools v1.11.3
2017-05-01 [23:15:23] [Server thread/INFO]: Loading source plugin iProtector v3.1b
2017-05-01 [23:15:23] [Server thread/INFO]: [DevTools] Registered folder plugin loader
2017-05-01 [23:15:23] [Server thread/INFO]: Preparing level "FamilyEd"
2017-05-01 [23:15:23] [Server thread/INFO]: Enabling iProtector v3.1b
2017-05-01 [23:15:23] [Server thread/INFO]: Starting GS4 status listener
2017-05-01 [23:15:23] [Server thread/INFO]: Setting query port to 19132
2017-05-01 [23:15:23] [Server thread/INFO]: Query running on 0.0.0.0:19132
2017-05-01 [23:15:23] [Server thread/INFO]: Default game type: Creative Mode
2017-05-01 [23:15:23] [Server thread/INFO]: Done (0.295s)! For help, type "help" or "?"
2017-05-01 [23:16:15] [Server thread/INFO]: admin[/192.168.0.24:19132] logged in with entity id 1 at (FamilyEd, 257.6694, 4, 243.6311)
2017-05-01 [23:16:16] [Server thread/INFO]: admin joined the game
2017-05-01 [23:18:22] [Server thread/INFO]: Disabling DevTools v1.11.3
2017-05-01 [23:18:22] [Server thread/INFO]: Disabling iProtector v3.1b
2017-05-01 [23:18:22] [Server thread/INFO]: admin left the game
2017-05-01 [23:18:22] [Server thread/INFO]: admin[/192.168.0.24:19132] logged out due to Server closed
2017-05-01 [23:18:22] [Server thread/INFO]: Unloading level "FamilyEd"
2017-05-01 [23:18:28] [Server thread/INFO]: Stopping other threads
2017-05-01 [23:19:38] [Server thread/INFO]: Loading pocketmine.yml...
2017-05-01 [23:19:38] [Server thread/INFO]: Loading server properties...
2017-05-01 [23:19:38] [Server thread/INFO]: Selected English (eng) as the base language
2017-05-01 [23:19:38] [Server thread/INFO]: Starting Minecraft: PE server version v1.0.7.0
2017-05-01 [23:19:38] [Server thread/INFO]: Opening server on 0.0.0.0:19132
2017-05-01 [23:19:38] [Server thread/INFO]: This server is running PocketMine-MP version 1.6.2dev-65 "Unleashed" (API 3.0.0-ALPHA5)
2017-05-01 [23:19:38] [Server thread/INFO]: PocketMine-MP is distributed under the LGPL License
2017-05-01 [23:19:38] [Server thread/INFO]: Loading recipes...
2017-05-01 [23:19:38] [Server thread/INFO]: Loading resource packs...
2017-05-01 [23:19:38] [Server thread/INFO]: Loading DevTools v1.11.3
2017-05-01 [23:19:38] [Server thread/INFO]: Enabling DevTools v1.11.3
2017-05-01 [23:19:38] [Server thread/INFO]: Loading source plugin iProtector v3.1b
2017-05-01 [23:19:38] [Server thread/INFO]: [DevTools] Registered folder plugin loader
2017-05-01 [23:19:38] [Server thread/INFO]: Preparing level "FamilyEd"
2017-05-01 [23:19:38] [Server thread/INFO]: Enabling iProtector v3.1b
2017-05-01 [23:19:38] [Server thread/INFO]: Starting GS4 status listener
2017-05-01 [23:19:38] [Server thread/INFO]: Setting query port to 19132
2017-05-01 [23:19:38] [Server thread/INFO]: Query running on 0.0.0.0:19132
2017-05-01 [23:19:38] [Server thread/INFO]: Default game type: Creative Mode
2017-05-01 [23:19:38] [Server thread/INFO]: Done (0.291s)! For help, type "help" or "?"
2017-05-01 [23:19:47] [Server thread/INFO]: admin[/192.168.0.24:19132] logged out due to Server is white-listed
2017-05-01 [23:20:01] [Server thread/INFO]: admin[/192.168.0.24:19132] logged out due to Server is white-listed
2017-05-01 [23:20:06] [Server thread/INFO]: Disabling DevTools v1.11.3
2017-05-01 [23:20:06] [Server thread/INFO]: Disabling iProtector v3.1b
2017-05-01 [23:20:06] [Server thread/INFO]: Unloading level "FamilyEd"
2017-05-01 [23:20:11] [Server thread/INFO]: Stopping other threads
2017-05-01 [23:20:53] [Server thread/INFO]: Loading pocketmine.yml...
2017-05-01 [23:20:53] [Server thread/INFO]: Loading server properties...
2017-05-01 [23:20:53] [Server thread/INFO]: Selected English (eng) as the base language
2017-05-01 [23:20:53] [Server thread/INFO]: Starting Minecraft: PE server version v1.0.7.0
2017-05-01 [23:20:53] [Server thread/INFO]: Opening server on 0.0.0.0:19132
2017-05-01 [23:20:53] [Server thread/INFO]: This server is running PocketMine-MP version 1.6.2dev-65 "Unleashed" (API 3.0.0-ALPHA5)
2017-05-01 [23:20:53] [Server thread/INFO]: PocketMine-MP is distributed under the LGPL License
2017-05-01 [23:20:53] [Server thread/INFO]: Loading recipes...
2017-05-01 [23:20:53] [Server thread/INFO]: Loading resource packs...
2017-05-01 [23:20:53] [Server thread/INFO]: Loading DevTools v1.11.3
2017-05-01 [23:20:53] [Server thread/INFO]: Enabling DevTools v1.11.3
2017-05-01 [23:20:53] [Server thread/INFO]: Loading source plugin iProtector v3.1b
2017-05-01 [23:20:53] [Server thread/INFO]: [DevTools] Registered folder plugin loader
2017-05-01 [23:20:53] [Server thread/INFO]: Preparing level "FamilyEd"
2017-05-01 [23:20:53] [Server thread/INFO]: Enabling iProtector v3.1b
2017-05-01 [23:20:53] [Server thread/INFO]: Starting GS4 status listener
2017-05-01 [23:20:53] [Server thread/INFO]: Setting query port to 19132
2017-05-01 [23:20:53] [Server thread/INFO]: Query running on 0.0.0.0:19132
2017-05-01 [23:20:53] [Server thread/INFO]: Default game type: Creative Mode
2017-05-01 [23:20:53] [Server thread/INFO]: Done (0.289s)! For help, type "help" or "?"
2017-05-01 [23:21:05] [Server thread/INFO]: admin[/192.168.0.24:19132] logged in with entity id 1 at (FamilyEd, 257.6694, 4, 243.6311)
2017-05-01 [23:21:06] [Server thread/INFO]: admin joined the game
2017-05-01 [23:22:26] [Server thread/INFO]: Disabling DevTools v1.11.3
2017-05-01 [23:22:26] [Server thread/INFO]: Disabling iProtector v3.1b
2017-05-01 [23:22:26] [Server thread/INFO]: admin left the game
2017-05-01 [23:22:26] [Server thread/INFO]: admin[/192.168.0.24:19132] logged out due to Server closed
2017-05-01 [23:22:26] [Server thread/INFO]: Unloading level "FamilyEd"
2017-05-01 [23:22:32] [Server thread/INFO]: Stopping other threads
2017-05-01 [23:24:45] [Server thread/INFO]: Loading pocketmine.yml...
2017-05-01 [23:24:45] [Server thread/INFO]: Loading server properties...
2017-05-01 [23:24:45] [Server thread/INFO]: Selected English (eng) as the base language
2017-05-01 [23:24:45] [Server thread/INFO]: Starting Minecraft: PE server version v1.0.7.0
2017-05-01 [23:24:45] [Server thread/INFO]: Opening server on 0.0.0.0:19132
2017-05-01 [23:24:45] [Server thread/INFO]: This server is running PocketMine-MP version 1.6.2dev-65 "Unleashed" (API 3.0.0-ALPHA5)
2017-05-01 [23:24:45] [Server thread/INFO]: PocketMine-MP is distributed under the LGPL License
2017-05-01 [23:24:45] [Server thread/INFO]: Loading recipes...
2017-05-01 [23:24:45] [Server thread/INFO]: Loading resource packs...
2017-05-01 [23:24:45] [Server thread/INFO]: Loading DevTools v1.11.3
2017-05-01 [23:24:45] [Server thread/INFO]: Enabling DevTools v1.11.3
2017-05-01 [23:24:45] [Server thread/INFO]: Loading source plugin iProtector v3.1b
2017-05-01 [23:24:45] [Server thread/INFO]: [DevTools] Registered folder plugin loader
2017-05-01 [23:24:45] [Server thread/INFO]: Preparing level "FamilyEd"
2017-05-01 [23:24:45] [Server thread/INFO]: Enabling iProtector v3.1b
2017-05-01 [23:24:45] [Server thread/INFO]: Starting GS4 status listener
2017-05-01 [23:24:45] [Server thread/INFO]: Setting query port to 19132
2017-05-01 [23:24:45] [Server thread/INFO]: Query running on 0.0.0.0:19132
2017-05-01 [23:24:45] [Server thread/INFO]: Default game type: Creative Mode
2017-05-01 [23:24:45] [Server thread/INFO]: Done (0.293s)! For help, type "help" or "?"
2017-05-01 [23:25:00] [Server thread/INFO]: admin[/192.168.0.24:19132] logged in with entity id 1 at (FamilyEd, 257.6694, 4, 243.6311)
2017-05-01 [23:25:02] [Server thread/INFO]: admin joined the game
2017-05-01 [23:28:38] [Server thread/INFO]: <admin> test
2017-05-01 [23:28:50] [Server thread/INFO]: <admin> test
2017-05-01 [23:30:15] [Server thread/INFO]: <admin> area
2017-05-01 [23:31:51] [Server thread/INFO]: <admin> test
2017-05-01 [23:33:16] [Server thread/INFO]: <admin> test
2017-05-01 [23:39:44] [Server thread/INFO]: [admin: De-opped admin]
2017-05-01 [23:40:26] [Server thread/INFO]: admin left the game
2017-05-01 [23:40:26] [Server thread/INFO]: admin[/192.168.0.24:19132] logged out due to client disconnect
2017-05-01 [23:41:05] [Server thread/INFO]: Steve[/192.168.0.24:19132] logged in with entity id 2 at (FamilyEd, 256.063, 4, 223.9754)
2017-05-01 [23:41:07] [Server thread/INFO]: Steve joined the game
2017-05-01 [23:45:46] [Server thread/INFO]: Steve left the game
2017-05-01 [23:45:46] [Server thread/INFO]: Steve[/192.168.0.24:19132] logged out due to client disconnect
2017-05-01 [23:48:52] [Server thread/INFO]: There are 0/20 players online:
2017-05-01 [23:48:52] [Server thread/INFO]: 
2017-05-01 [23:58:09] [Server thread/INFO]: Disabling DevTools v1.11.3
2017-05-01 [23:58:09] [Server thread/INFO]: Disabling iProtector v3.1b
2017-05-01 [23:58:09] [Server thread/INFO]: Unloading level "FamilyEd"
2017-05-01 [23:58:14] [Server thread/INFO]: Stopping other threads
2017-05-04 [21:16:56] [Server thread/INFO]: Loading pocketmine.yml...
2017-05-04 [21:16:56] [Server thread/INFO]: Loading server properties...
2017-05-04 [21:16:56] [Server thread/INFO]: Selected English (eng) as the base language
2017-05-04 [21:16:56] [Server thread/INFO]: Starting Minecraft: PE server version v1.0.7.0
2017-05-04 [21:16:56] [Server thread/INFO]: Opening server on 0.0.0.0:19132
2017-05-04 [21:16:56] [Server thread/INFO]: This server is running PocketMine-MP version 1.6.2dev-65 "Unleashed" (API 3.0.0-ALPHA5)
2017-05-04 [21:16:56] [Server thread/INFO]: PocketMine-MP is distributed under the LGPL License
2017-05-04 [21:16:56] [Server thread/INFO]: Loading recipes...
2017-05-04 [21:16:56] [Server thread/INFO]: Loading resource packs...
2017-05-04 [21:16:56] [Server thread/INFO]: Loading DevTools v1.11.3
2017-05-04 [21:16:56] [Server thread/INFO]: Enabling DevTools v1.11.3
2017-05-04 [21:16:56] [Server thread/INFO]: Loading source plugin iProtector v3.1b
2017-05-04 [21:16:56] [Server thread/INFO]: [DevTools] Registered folder plugin loader
2017-05-04 [21:16:56] [Server thread/INFO]: Preparing level "FamilyEd"
2017-05-04 [21:16:56] [Server thread/INFO]: Enabling iProtector v3.1b
2017-05-04 [21:16:56] [Server thread/INFO]: Starting GS4 status listener
2017-05-04 [21:16:56] [Server thread/INFO]: Setting query port to 19132
2017-05-04 [21:16:56] [Server thread/INFO]: Query running on 0.0.0.0:19132
2017-05-04 [21:16:56] [Server thread/INFO]: Default game type: Creative Mode
2017-05-04 [21:16:56] [Server thread/INFO]: Done (0.302s)! For help, type "help" or "?"
2017-05-04 [21:24:03] [Server thread/NOTICE]: Player data not found for "mike", creating new profile
2017-05-04 [21:24:11] [Server thread/INFO]: mike[/192.168.0.12:19132] logged in with entity id 1 at (FamilyEd, 256, 4, 256)
2017-05-04 [21:24:13] [Server thread/INFO]: mike joined the game
2017-05-04 [21:25:54] [Server thread/INFO]: mike left the game
2017-05-04 [21:25:54] [Server thread/INFO]: mike[/192.168.0.12:19132] logged out due to client disconnect
2017-05-04 [21:27:13] [Server thread/INFO]: Disabling DevTools v1.11.3
2017-05-04 [21:27:13] [Server thread/INFO]: Disabling iProtector v3.1b
2017-05-04 [21:27:13] [Server thread/INFO]: Unloading level "FamilyEd"
2017-05-04 [21:27:18] [Server thread/INFO]: Stopping other threads
2017-05-05 [09:44:28] [Server thread/INFO]: Loading pocketmine.yml...
2017-05-05 [09:44:28] [Server thread/INFO]: Loading server properties...
2017-05-05 [09:44:28] [Server thread/INFO]: Selected English (eng) as the base language
2017-05-05 [09:44:28] [Server thread/INFO]: Starting Minecraft: PE server version v1.0.7.0
2017-05-05 [09:44:28] [Server thread/INFO]: Opening server on 0.0.0.0:19132
2017-05-05 [09:44:28] [Server thread/INFO]: This server is running PocketMine-MP version 1.6.2dev-65 "Unleashed" (API 3.0.0-ALPHA5)
2017-05-05 [09:44:28] [Server thread/INFO]: PocketMine-MP is distributed under the LGPL License
2017-05-05 [09:44:28] [Server thread/INFO]: Loading recipes...
2017-05-05 [09:44:28] [Server thread/INFO]: Loading resource packs...
2017-05-05 [09:44:28] [Server thread/INFO]: Loading DevTools v1.11.3
2017-05-05 [09:44:28] [Server thread/INFO]: Enabling DevTools v1.11.3
2017-05-05 [09:44:28] [Server thread/INFO]: [DevTools] Registered folder plugin loader
2017-05-05 [09:44:28] [Server thread/INFO]: Preparing level "FamilyEd"
2017-05-05 [09:44:28] [Server thread/INFO]: Starting GS4 status listener
2017-05-05 [09:44:28] [Server thread/INFO]: Setting query port to 19132
2017-05-05 [09:44:28] [Server thread/INFO]: Query running on 0.0.0.0:19132
2017-05-05 [09:44:29] [Server thread/INFO]: Default game type: Creative Mode
2017-05-05 [09:44:29] [Server thread/INFO]: Done (0.263s)! For help, type "help" or "?"
2017-05-05 [09:46:30] [Server thread/NOTICE]: Player data not found for "mike", creating new profile
2017-05-05 [09:46:38] [Server thread/INFO]: mike[/10.0.212.70:19132] logged in with entity id 1 at (FamilyEd, 256, 4, 256)
2017-05-05 [09:46:39] [Server thread/INFO]: mike joined the game
2017-05-05 [09:47:02] [Server thread/INFO]: mike left the game
2017-05-05 [09:47:02] [Server thread/INFO]: mike[/10.0.212.70:19132] logged out due to client disconnect
2017-05-05 [10:02:05] [Server thread/INFO]: Disabling DevTools v1.11.3
2017-05-05 [10:02:05] [Server thread/INFO]: Unloading level "FamilyEd"
2017-05-05 [10:02:10] [Server thread/INFO]: Stopping other threads
